<?xml version="1.0" encoding="UTF-8"?>
<!-- Generated by org.testng.reporters.JUnitXMLReporter -->
<testsuite hostname="DESKTOP-EJPPISS" ignored="0" name="Command line test" tests="6" failures="0" timestamp="30 Jan 2021 05:47:57 GMT" time="0.077" errors="0">
  <testcase name="IOSApp" time="0.016" classname="qaclickacademy.appiumTest"/>
  <testcase name="NativeApp" time="0.0" classname="qaclickacademy.appiumTest"/>
  <testcase name="deleteTwitter" time="0.001" classname="qaclickacademy.restapiTest"/>
  <testcase name="postJira" time="0.001" classname="qaclickacademy.restapiTest"/>
  <testcase name="browserautomation" time="0.0" classname="qaclickacademy.seleniumjavaTest"/>
  <testcase name="elementautomation" time="0.0" classname="qaclickacademy.seleniumjavaTest"/>
</testsuite> <!-- Command line test -->
