<?xml version="1.0" encoding="UTF-8"?>
<!-- Generated by org.testng.reporters.JUnitXMLReporter -->
<testsuite hostname="DESKTOP-EJPPISS" ignored="1" name="Test" tests="3" failures="0" timestamp="30 Jan 2021 06:12:31 GMT" time="0.124" errors="0">
  <testcase name="deleteTwitter" time="0.039" classname="qaclickacademy.restapiTest"/>
  <testcase name="browserautomation" time="0.002" classname="qaclickacademy.seleniumjavaTest"/>
  <testcase name="elementautomation" time="0.002" classname="qaclickacademy.seleniumjavaTest"/>
  <testcase name="postJira" time="0.0" classname="qaclickacademy.restapiTest">
    <ignored/>
  </testcase> <!-- postJira -->
</testsuite> <!-- Test -->
